<?xml version="1.0" encoding="utf-8" standalone="no"?>
<!--This file represents the results of running a test suite-->
<test-results name="F:\coding\TomatoDoer\TomatoDoer.Tests.Unit\bin\Release\TomatoDoer.Tests.Unit.dll" total="0" errors="0" failures="0" not-run="0" inconclusive="0" ignored="0" skipped="0" invalid="0" date="2012-01-18" time="20:10:32">
  <environment nunit-version="2.5.9.10348" clr-version="2.0.50727.5448" os-version="Microsoft Windows NT 6.1.7601 Service Pack 1" platform="Win32NT" cwd="F:\coding\TomatoDoer\packages\OpenCover.2.1.15" machine-name="AKA" user="wild" user-domain="aka" />
  <culture-info current-culture="ru-RU" current-uiculture="ru-RU" />
  <test-suite type="Assembly" name="F:\coding\TomatoDoer\TomatoDoer.Tests.Unit\bin\Release\TomatoDoer.Tests.Unit.dll" executed="False" result="NotRunnable">
    <reason>
      <message><![CDATA[Has no TestFixtures]]></message>
    </reason>
  </test-suite>
</test-results>